D:\PROJECTS\REPORTMAKER01\REPORTMAKER01\DEBUG\REPORTMAKER01.PCH
D:\PROJECTS\REPORTMAKER01\REPORTMAKER01\DEBUG\STDAFX.OBJ
D:\PROJECTS\REPORTMAKER01\REPORTMAKER01\DEBUG\VC110.PDB
D:\PROJECTS\REPORTMAKER01\REPORTMAKER01\DEBUG\CHECKDLG.OBJ
D:\PROJECTS\REPORTMAKER01\REPORTMAKER01\DEBUG\EVENTDLG.OBJ
D:\PROJECTS\REPORTMAKER01\REPORTMAKER01\DEBUG\EVENTEDITDLG.OBJ
D:\PROJECTS\REPORTMAKER01\REPORTMAKER01\DEBUG\FIRSTELEVENDLG.OBJ
D:\PROJECTS\REPORTMAKER01\REPORTMAKER01\DEBUG\FORMATDLG.OBJ
D:\PROJECTS\REPORTMAKER01\REPORTMAKER01\DEBUG\GAMENAMEDLG.OBJ
D:\PROJECTS\REPORTMAKER01\REPORTMAKER01\DEBUG\MAINFRM.OBJ
D:\PROJECTS\REPORTMAKER01\REPORTMAKER01\DEBUG\PENALTY.OBJ
D:\PROJECTS\REPORTMAKER01\REPORTMAKER01\DEBUG\PLAYERDLG.OBJ
D:\PROJECTS\REPORTMAKER01\REPORTMAKER01\DEBUG\PLAYEREDITDLG.OBJ
D:\PROJECTS\REPORTMAKER01\REPORTMAKER01\DEBUG\PLAYEREDITDLG1.OBJ
D:\PROJECTS\REPORTMAKER01\REPORTMAKER01\DEBUG\REPORTMAKER01.OBJ
D:\PROJECTS\REPORTMAKER01\REPORTMAKER01\DEBUG\REPORTMAKER01DOC.OBJ
D:\PROJECTS\REPORTMAKER01\REPORTMAKER01\DEBUG\REPORTMAKER01VIEW.OBJ
D:\PROJECTS\REPORTMAKER01\DEBUG\REPORTMAKER01.ILK
D:\PROJECTS\REPORTMAKER01\DEBUG\REPORTMAKER01.EXE
D:\PROJECTS\REPORTMAKER01\DEBUG\REPORTMAKER01.PDB
D:\PROJECTS\REPORTMAKER01\REPORTMAKER01\DEBUG\REPORTMAKER01.RES
D:\Projects\ReportMaker01\ReportMaker01\Debug\CheckDlg.obj
D:\Projects\ReportMaker01\ReportMaker01\Debug\EventDlg.obj
D:\Projects\ReportMaker01\ReportMaker01\Debug\EventEditDlg.obj
D:\Projects\ReportMaker01\ReportMaker01\Debug\FirstElevenDlg.obj
D:\Projects\ReportMaker01\ReportMaker01\Debug\FormatDlg.obj
D:\Projects\ReportMaker01\ReportMaker01\Debug\GameNameDlg.obj
D:\Projects\ReportMaker01\ReportMaker01\Debug\MainFrm.obj
D:\Projects\ReportMaker01\ReportMaker01\Debug\Penalty.obj
D:\Projects\ReportMaker01\ReportMaker01\Debug\PlayerDlg.obj
D:\Projects\ReportMaker01\ReportMaker01\Debug\PlayerEditDlg.obj
D:\Projects\ReportMaker01\ReportMaker01\Debug\PlayerEditDlg1.obj
D:\Projects\ReportMaker01\ReportMaker01\Debug\ReportMaker01.obj
D:\Projects\ReportMaker01\ReportMaker01\Debug\ReportMaker01Doc.obj
D:\Projects\ReportMaker01\ReportMaker01\Debug\ReportMaker01View.obj
D:\Projects\ReportMaker01\ReportMaker01\Debug\stdafx.obj
D:\Projects\ReportMaker01\ReportMaker01\Debug\cl.command.1.tlog
D:\Projects\ReportMaker01\ReportMaker01\Debug\CL.read.1.tlog
D:\Projects\ReportMaker01\ReportMaker01\Debug\CL.write.1.tlog
D:\Projects\ReportMaker01\ReportMaker01\Debug\link-cvtres.read.1.tlog
D:\Projects\ReportMaker01\ReportMaker01\Debug\link-cvtres.write.1.tlog
D:\Projects\ReportMaker01\ReportMaker01\Debug\link-mt.read.1.tlog
D:\Projects\ReportMaker01\ReportMaker01\Debug\link-mt.write.1.tlog
D:\Projects\ReportMaker01\ReportMaker01\Debug\link-rc.read.1.tlog
D:\Projects\ReportMaker01\ReportMaker01\Debug\link-rc.write.1.tlog
D:\Projects\ReportMaker01\ReportMaker01\Debug\link.command.1.tlog
D:\Projects\ReportMaker01\ReportMaker01\Debug\link.read.1.tlog
D:\Projects\ReportMaker01\ReportMaker01\Debug\link.write.1.tlog
D:\Projects\ReportMaker01\ReportMaker01\Debug\rc.command.1.tlog
D:\Projects\ReportMaker01\ReportMaker01\Debug\rc.read.1.tlog
D:\Projects\ReportMaker01\ReportMaker01\Debug\rc.write.1.tlog
D:\Projects\ReportMaker01\ReportMaker01\Debug\ReportMaker01.res
D:\Projects\ReportMaker01\ReportMaker01\Debug\ReportMaker01.pch
D:\Projects\ReportMaker01\ReportMaker01\Debug\vc110.idb
D:\Projects\ReportMaker01\ReportMaker01\Debug\vc110.pdb
D:\Projects\ReportMaker01\Debug\ReportMaker01.pdb
D:\Projects\ReportMaker01\Debug\ReportMaker01.exe
D:\Projects\ReportMaker01\Debug\ReportMaker01.ilk
